<?xml version="1.0" encoding="UTF-8"?>
<coverage generated="1439390054">
  <project timestamp="1439390054">
    <package name="Jasny">
      <file name="/home/arnold/Projects/jasny/dotkey/src/DotKey.php">
        <class name="DotKey" namespace="Jasny">
          <metrics methods="10" coveredmethods="10" conditionals="0" coveredconditionals="0" statements="73" coveredstatements="73" elements="83" coveredelements="83"/>
        </class>
        <line num="27" type="method" name="__construct" crap="2" count="42"/>
        <line num="29" type="stmt" count="42"/>
        <line num="30" type="stmt" count="42"/>
        <line num="31" type="stmt" count="42"/>
        <line num="40" type="method" name="exists" crap="1" count="2"/>
        <line num="42" type="stmt" count="2"/>
        <line num="43" type="stmt" count="2"/>
        <line num="45" type="stmt" count="2"/>
        <line num="54" type="method" name="get" crap="2" count="4"/>
        <line num="56" type="stmt" count="4"/>
        <line num="57" type="stmt" count="4"/>
        <line num="59" type="stmt" count="4"/>
        <line num="60" type="stmt" count="2"/>
        <line num="61" type="stmt" count="2"/>
        <line num="64" type="stmt" count="2"/>
        <line num="76" type="method" name="getValue" crap="10" count="6"/>
        <line num="78" type="stmt" count="6"/>
        <line num="80" type="stmt" count="6"/>
        <line num="82" type="stmt" count="6"/>
        <line num="84" type="stmt" count="6"/>
        <line num="85" type="stmt" count="6"/>
        <line num="87" type="stmt" count="6"/>
        <line num="88" type="stmt" count="4"/>
        <line num="89" type="stmt" count="4"/>
        <line num="91" type="stmt" count="6"/>
        <line num="102" type="method" name="set" crap="3" count="10"/>
        <line num="104" type="stmt" count="10"/>
        <line num="105" type="stmt" count="10"/>
        <line num="107" type="stmt" count="10"/>
        <line num="108" type="stmt" count="4"/>
        <line num="109" type="stmt" count="4"/>
        <line num="110" type="stmt" count="4"/>
        <line num="113" type="stmt" count="6"/>
        <line num="123" type="method" name="put" crap="3" count="14"/>
        <line num="125" type="stmt" count="14"/>
        <line num="126" type="stmt" count="14"/>
        <line num="128" type="stmt" count="14"/>
        <line num="130" type="stmt" count="14"/>
        <line num="131" type="stmt" count="2"/>
        <line num="132" type="stmt" count="2"/>
        <line num="135" type="stmt" count="12"/>
        <line num="147" type="method" name="setValue" crap="13" count="24"/>
        <line num="149" type="stmt" count="24"/>
        <line num="151" type="stmt" count="24"/>
        <line num="153" type="stmt" count="24"/>
        <line num="154" type="stmt" count="13"/>
        <line num="155" type="stmt" count="9"/>
        <line num="156" type="stmt" count="9"/>
        <line num="159" type="stmt" count="12"/>
        <line num="160" type="stmt" count="12"/>
        <line num="161" type="stmt" count="16"/>
        <line num="162" type="stmt" count="13"/>
        <line num="163" type="stmt" count="9"/>
        <line num="164" type="stmt" count="9"/>
        <line num="167" type="stmt" count="12"/>
        <line num="168" type="stmt" count="12"/>
        <line num="169" type="stmt" count="1"/>
        <line num="170" type="stmt" count="4"/>
        <line num="171" type="stmt" count="4"/>
        <line num="174" type="stmt" count="2"/>
        <line num="175" type="stmt" count="2"/>
        <line num="184" type="method" name="remove" crap="2" count="8"/>
        <line num="186" type="stmt" count="8"/>
        <line num="187" type="stmt" count="8"/>
        <line num="189" type="stmt" count="8"/>
        <line num="190" type="stmt" count="2"/>
        <line num="191" type="stmt" count="2"/>
        <line num="194" type="stmt" count="6"/>
        <line num="205" type="method" name="removeValue" crap="12" count="8"/>
        <line num="207" type="stmt" count="8"/>
        <line num="209" type="stmt" count="8"/>
        <line num="210" type="stmt" count="2"/>
        <line num="211" type="stmt" count="2"/>
        <line num="214" type="stmt" count="8"/>
        <line num="216" type="stmt" count="8"/>
        <line num="217" type="stmt" count="4"/>
        <line num="218" type="stmt" count="4"/>
        <line num="219" type="stmt" count="4"/>
        <line num="222" type="stmt" count="8"/>
        <line num="223" type="stmt" count="5"/>
        <line num="224" type="stmt" count="2"/>
        <line num="233" type="method" name="on" crap="1" count="2"/>
        <line num="235" type="stmt" count="2"/>
        <metrics loc="237" ncloc="149" classes="1" methods="10" coveredmethods="10" conditionals="0" coveredconditionals="0" statements="73" coveredstatements="73" elements="83" coveredelements="83"/>
      </file>
    </package>
    <metrics files="1" loc="237" ncloc="149" classes="1" methods="10" coveredmethods="10" conditionals="0" coveredconditionals="0" statements="73" coveredstatements="73" elements="83" coveredelements="83"/>
  </project>
</coverage>
